multiplatform-preferences-android/build/outputs/logs/manifest-merger-debug-report.txt
-- Merging decision tree log ---
manifest
ADDED from src/main/AndroidManifest.xml:1:1-16:12
INJECTED from src/main/AndroidManifest.xml:1:1-16:12
INJECTED from src/main/AndroidManifest.xml:1:1-16:12
	package
		ADDED from src/main/AndroidManifest.xml:1:11-53
		INJECTED from src/main/AndroidManifest.xml
		INJECTED from src/main/AndroidManifest.xml
	xmlns:tools
		ADDED from src/main/AndroidManifest.xml:3:11-57
	xmlns:android
		ADDED from src/main/AndroidManifest.xml:2:11-69
application
ADDED from src/main/AndroidManifest.xml:6:5-14:19
provider#com.github.florent37.preferences.AppContextProvider
ADDED from src/main/AndroidManifest.xml:7:9-13:49
	android:authorities
		ADDED from src/main/AndroidManifest.xml:9:17-74
	android:exported
		ADDED from src/main/AndroidManifest.xml:11:17-41
	tools:ignore
		ADDED from src/main/AndroidManifest.xml:13:17-47
	android:directBootAware
		ADDED from src/main/AndroidManifest.xml:10:17-47
	android:initOrder
		ADDED from src/main/AndroidManifest.xml:12:17-40
	android:name
		ADDED from src/main/AndroidManifest.xml:8:17-51
uses-sdk
INJECTED from src/main/AndroidManifest.xml reason: use-sdk injection requested
INJECTED from src/main/AndroidManifest.xml
INJECTED from src/main/AndroidManifest.xml
	android:minSdkVersion
		INJECTED from src/main/AndroidManifest.xml
		ADDED from src/main/AndroidManifest.xml
		INJECTED from src/main/AndroidManifest.xml